Using pre-set license
Built from '2020.3/release' branch; Version is '2020.3.7f1 (dd97f2c94397) revision 14522354'; Using compiler version '192528614'; Build Type 'Release'
OS: 'Windows 10 Pro; OS build 19042.985; Version 2009; 64bit' Language: 'en' Physical Memory: 16315 MB
BatchMode: 1, IsHumanControllingUs: 0, StartBugReporterOnCrash: 0, Is64bit: 1, IsPro: 0

 COMMAND LINE ARGUMENTS:
C:\Program Files\Unity\2020.3.7f1\Editor\Unity.exe
-adb2
-batchMode
-noUpm
-name
AssetImportWorker0
-projectPath
C:/Users/Admin/Documents/GitHub/MixedRealityLearning/ASA-OpenXR-IOS/ASA-OpenXR-IOS
-logFile
Logs/AssetImportWorker0.log
-srvPort
61390
Successfully changed project path to: C:/Users/Admin/Documents/GitHub/MixedRealityLearning/ASA-OpenXR-IOS/ASA-OpenXR-IOS
C:/Users/Admin/Documents/GitHub/MixedRealityLearning/ASA-OpenXR-IOS/ASA-OpenXR-IOS
Using Asset Import Pipeline V2.
Refreshing native plugins compatible for Editor in 68.05 ms, found 7 plugins.
Preloading 0 native plugins for Editor in 0.00 ms.
Initialize engine version: 2020.3.7f1 (dd97f2c94397)
[Subsystems] Discovering subsystems at path C:/Program Files/Unity/2020.3.7f1/Editor/Data/Resources/UnitySubsystems
[Subsystems] Discovering subsystems at path C:/Users/Admin/Documents/GitHub/MixedRealityLearning/ASA-OpenXR-IOS/ASA-OpenXR-IOS/Assets
GfxDevice: creating device client; threaded=0
Direct3D:
    Version:  Direct3D 11.0 [level 11.0]
    Renderer: NVIDIA GeForce GT 710 (ID=0x128b)
    Vendor:   
    VRAM:     2007 MB
    Driver:   27.21.14.5671
Shader 'Mixed Reality Toolkit/HandTriangles': fallback shader 'Mixed Reality Toolkit/Standard' not found
Initialize mono
Mono path[0] = 'C:/Program Files/Unity/2020.3.7f1/Editor/Data/Managed'
Mono path[1] = 'C:/Program Files/Unity/2020.3.7f1/Editor/Data/MonoBleedingEdge/lib/mono/unityjit'
Mono config path = 'C:/Program Files/Unity/2020.3.7f1/Editor/Data/MonoBleedingEdge/etc'
Using monoOptions --debugger-agent=transport=dt_socket,embedding=1,server=y,suspend=n,address=127.0.0.1:56668
Begin MonoManager ReloadAssembly
Registering precompiled unity dll's ...
Register platform support module: C:/Program Files/Unity/2020.3.7f1/Editor/Data/PlaybackEngines/WindowsStandaloneSupport/UnityEditor.WindowsStandalone.Extensions.dll
Registered in 0.001742 seconds.
Native extension for WindowsStandalone target not found
Refreshing native plugins compatible for Editor in 57.81 ms, found 7 plugins.
Preloading 0 native plugins for Editor in 0.00 ms.
Mono: successfully reloaded assembly
- Completed reload, in  1.523 seconds
Platform modules already initialized, skipping
Registering precompiled user dll's ...
Registered in 0.006022 seconds.
Begin MonoManager ReloadAssembly
Native extension for WindowsStandalone target not found
Refreshing native plugins compatible for Editor in 57.05 ms, found 7 plugins.
Preloading 0 native plugins for Editor in 0.00 ms.
System.IO.DirectoryNotFoundException: Could not find a part of the path 'C:\Users\Admin\Documents\GitHub\MixedRealityLearning\ASA-OpenXR-IOS\ASA-OpenXR-IOS\Library\PackageCache\com.microsoft.mixedreality.toolkit.foundation@72f595076d31-1622177648071\SDK\Features\UX\Scripts\BoundsControl\Visuals\ProximityEffect'.
  at System.IO.__Error.WinIOError (System.Int32 errorCode, System.String maybeFullPath) [0x000f7] in <695d1cc93cca45069c528c15c9fdd749>:0 
  at System.IO.FileSystemEnumerableIterator`1[TSource].HandleError (System.Int32 hr, System.String path) [0x00006] in <695d1cc93cca45069c528c15c9fdd749>:0 
  at System.IO.FileSystemEnumerableIterator`1[TSource].CommonInit () [0x00054] in <695d1cc93cca45069c528c15c9fdd749>:0 
  at System.IO.FileSystemEnumerableIterator`1[TSource]..ctor (System.String path, System.String originalUserPath, System.String searchPattern, System.IO.SearchOption searchOption, System.IO.SearchResultHandler`1[TSource] resultHandler, System.Boolean checkHost) [0x000d6] in <695d1cc93cca45069c528c15c9fdd749>:0 
  at System.IO.FileSystemEnumerableFactory.CreateFileNameIterator (System.String path, System.String originalUserPath, System.String searchPattern, System.Boolean includeFiles, System.Boolean includeDirs, System.IO.SearchOption searchOption, System.Boolean checkHost) [0x00009] in <695d1cc93cca45069c528c15c9fdd749>:0 
  at System.IO.Directory.InternalGetFileDirectoryNames (System.String path, System.String userPathOriginal, System.String searchPattern, System.Boolean includeFiles, System.Boolean includeDirs, System.IO.SearchOption searchOption, System.Boolean checkHost) [0x00000] in <695d1cc93cca45069c528c15c9fdd749>:0 
  at System.IO.Directory.InternalGetFiles (System.String path, System.String searchPattern, System.IO.SearchOption searchOption) [0x00000] in <695d1cc93cca45069c528c15c9fdd749>:0 
  at System.IO.Directory.GetFiles (System.String path, System.String searchPattern) [0x0001c] in <695d1cc93cca45069c528c15c9fdd749>:0 
  at System.IO.DirectoryInfo.GetFiles (System.String searchPattern) [0x0000e] in <695d1cc93cca45069c528c15c9fdd749>:0 
  at System.IO.DirectoryInfo.GetFilesSubdirs (System.Collections.ArrayList l, System.String pattern) [0x00002] in <695d1cc93cca45069c528c15c9fdd749>:0 
  at (wrapper remoting-invoke-with-check) System.IO.DirectoryInfo.GetFilesSubdirs(System.Collections.ArrayList,string)
  at System.IO.DirectoryInfo.GetFilesSubdirs (System.Collections.ArrayList l, System.String pattern) [0x0002f] in <695d1cc93cca45069c528c15c9fdd749>:0 
  at (wrapper remoting-invoke-with-check) System.IO.DirectoryInfo.GetFilesSubdirs(System.Collections.ArrayList,string)
  at System.IO.DirectoryInfo.GetFilesSubdirs (System.Collections.ArrayList l, System.String pattern) [0x0002f] in <695d1cc93cca45069c528c15c9fdd749>:0 
  at (wrapper remoting-invoke-with-check) System.IO.DirectoryInfo.GetFilesSubdirs(System.Collections.ArrayList,string)
  at System.IO.DirectoryInfo.GetFilesSubdirs (System.Collections.ArrayList l, System.String pattern) [0x0002f] in <695d1cc93cca45069c528c15c9fdd749>:0 
  at (wrapper remoting-invoke-with-check) System.IO.DirectoryInfo.GetFilesSubdirs(System.Collections.ArrayList,string)
  at System.IO.DirectoryInfo.GetFilesSubdirs (System.Collections.ArrayList l, System.String pattern) [0x0002f] in <695d1cc93cca45069c528c15c9fdd749>:0 
  at (wrapper remoting-invoke-with-check) System.IO.DirectoryInfo.GetFilesSubdirs(System.Collections.ArrayList,string)
  at System.IO.DirectoryInfo.GetFilesSubdirs (System.Collections.ArrayList l, System.String pattern) [0x0002f] in <695d1cc93cca45069c528c15c9fdd749>:0 
  at (wrapper remoting-invoke-with-check) System.IO.DirectoryInfo.GetFilesSubdirs(System.Collections.ArrayList,string)
  at System.IO.DirectoryInfo.GetFilesSubdirs (System.Collections.ArrayList l, System.String pattern) [0x0002f] in <695d1cc93cca45069c528c15c9fdd749>:0 
  at (wrapper remoting-invoke-with-check) System.IO.DirectoryInfo.GetFilesSubdirs(System.Collections.ArrayList,string)
  at System.IO.DirectoryInfo.GetFilesSubdirs (System.Collections.ArrayList l, System.String pattern) [0x0002f] in <695d1cc93cca45069c528c15c9fdd749>:0 
  at (wrapper remoting-invoke-with-check) System.IO.DirectoryInfo.GetFilesSubdirs(System.Collections.ArrayList,string)
  at System.IO.DirectoryInfo.GetFilesSubdirs (System.Collections.ArrayList l, System.String pattern) [0x0002f] in <695d1cc93cca45069c528c15c9fdd749>:0 
  at System.IO.DirectoryInfo.GetFiles (System.String searchPattern, System.IO.SearchOption searchOption) [0x00017] in <695d1cc93cca45069c528c15c9fdd749>:0 
  at (wrapper remoting-invoke-with-check) System.IO.DirectoryInfo.GetFiles(string,System.IO.SearchOption)
  at Microsoft.MixedReality.Toolkit.Utilities.Editor.OnLoadUtilities.FindShaderFolderInPackage () [0x0004c] in C:\Users\Admin\Documents\GitHub\MixedRealityLearning\ASA-OpenXR-IOS\ASA-OpenXR-IOS\Library\PackageCache\com.microsoft.mixedreality.toolkit.standardassets@bf3e050f48d1-1622177637304\EditorUtilities\OnLoadUtilities.cs:152 
  at Microsoft.MixedReality.Toolkit.Utilities.Editor.OnLoadUtilities.EnsureShaders (System.Boolean bypassIgnore) [0x00000] in C:\Users\Admin\Documents\GitHub\MixedRealityLearning\ASA-OpenXR-IOS\ASA-OpenXR-IOS\Library\PackageCache\com.microsoft.mixedreality.toolkit.standardassets@bf3e050f48d1-1622177637304\EditorUtilities\OnLoadUtilities.cs:42 
  at Microsoft.MixedReality.Toolkit.Utilities.Editor.OnLoadUtilities..cctor () [0x00000] in C:\Users\Admin\Documents\GitHub\MixedRealityLearning\ASA-OpenXR-IOS\ASA-OpenXR-IOS\Library\PackageCache\com.microsoft.mixedreality.toolkit.standardassets@bf3e050f48d1-1622177637304\EditorUtilities\OnLoadUtilities.cs:23 
UnityEngine.StackTraceUtility:ExtractStackTrace ()
UnityEngine.DebugLogHandler:LogFormat (UnityEngine.LogType,UnityEngine.Object,string,object[])
UnityEngine.Logger:Log (UnityEngine.LogType,object)
UnityEngine.Debug:LogError (object)
UnityEditor.EditorAssemblies:ProcessInitializeOnLoadAttributes (System.Type[])

[XR] [XR Mesh Provider]: RegisterLifecycleProvider.
[XR] [XR Input Provider]: RegisterLifecycleProvider.
[XR] Error loading subsystem: Display (1) (header mismatch?)
Mono: successfully reloaded assembly
- Completed reload, in  1.490 seconds
Platform modules already initialized, skipping
========================================================================
Worker process is ready to serve import requests
Shader 'Mixed Reality Toolkit/HandTriangles': fallback shader 'Mixed Reality Toolkit/Standard' not found
Launched and connected shader compiler UnityShaderCompiler.exe after 0.04 seconds
Refreshing native plugins compatible for Editor in 1.03 ms, found 7 plugins.
Preloading 0 native plugins for Editor in 0.00 ms.
Unloading 3197 Unused Serialized files (Serialized files now loaded: 0)
System memory in use before: 134.1 MB.
System memory in use after: 133.7 MB.

Unloading 65 unused Assets to reduce memory usage. Loaded Objects now: 3667.
Total: 3.393000 ms (FindLiveObjects: 0.606100 ms CreateObjectMapping: 0.162700 ms MarkObjects: 2.451100 ms  DeleteObjects: 0.171100 ms)

========================================================================
Received Import Request.
  path: Assets/XR/XRGeneralSettings.asset
  artifactKey: Guid(9f4b0af90a18d814eb189869eaf5885b) Importer(815301076,1909f56bfc062723c751e8b465ee728b)
Start importing Assets/XR/XRGeneralSettings.asset using Guid(9f4b0af90a18d814eb189869eaf5885b) Importer(815301076,1909f56bfc062723c751e8b465ee728b)  -> (artifact id: 'bda8defa926682859ed8a5603357bf36') in 0.029154 seconds
  Import took 0.034487 seconds .

========================================================================
Received Import Request.
  Time since last request: 0.000227 seconds.
  path: Assets/MixedRealityToolkit.Generated/ProjectPreferences.asset
  artifactKey: Guid(5620379ee0ab1f74eabc8a7d700c9af4) Importer(815301076,1909f56bfc062723c751e8b465ee728b)
Start importing Assets/MixedRealityToolkit.Generated/ProjectPreferences.asset using Guid(5620379ee0ab1f74eabc8a7d700c9af4) Importer(815301076,1909f56bfc062723c751e8b465ee728b)  -> (artifact id: '7f561ff8c9d24edbe94591694041e985') in 0.007639 seconds
  Import took 0.013072 seconds .

========================================================================
Received Import Request.
  Time since last request: 2.454848 seconds.
  path: Assets/XR/Loaders/AR Core Loader.asset
  artifactKey: Guid(e5fcf7455f058984892444008080c145) Importer(815301076,1909f56bfc062723c751e8b465ee728b)
Start importing Assets/XR/Loaders/AR Core Loader.asset using Guid(e5fcf7455f058984892444008080c145) Importer(815301076,1909f56bfc062723c751e8b465ee728b)  -> (artifact id: '332c1bf4a2a7132996e3c37246dec609') in 0.006887 seconds
  Import took 0.011936 seconds .

========================================================================
Received Import Request.
  Time since last request: 0.000224 seconds.
  path: Assets/XR/Loaders/Open XR Loader No Pre Init.asset
  artifactKey: Guid(e13e8afcca5f53e45a8c6b16f1017385) Importer(815301076,1909f56bfc062723c751e8b465ee728b)
Start importing Assets/XR/Loaders/Open XR Loader No Pre Init.asset using Guid(e13e8afcca5f53e45a8c6b16f1017385) Importer(815301076,1909f56bfc062723c751e8b465ee728b)  -> (artifact id: '944364a8edb7e5b03f5aa58aafa0202c') in 0.008301 seconds
  Import took 0.013281 seconds .

========================================================================
Received Import Request.
  Time since last request: 0.000222 seconds.
  path: Assets/XR/Loaders/Open XR Loader.asset
  artifactKey: Guid(5b113a15b4f4c60488e75518419cccbc) Importer(815301076,1909f56bfc062723c751e8b465ee728b)
Start importing Assets/XR/Loaders/Open XR Loader.asset using Guid(5b113a15b4f4c60488e75518419cccbc) Importer(815301076,1909f56bfc062723c751e8b465ee728b)  -> (artifact id: 'e03b778181feff0a210f7a0d56951e4b') in 0.006999 seconds
  Import took 0.011707 seconds .

========================================================================
Received Import Request.
  Time since last request: 0.000240 seconds.
  path: Assets/XR/Loaders/AR Kit Loader.asset
  artifactKey: Guid(555ac42a648addf489158d35e5927cf2) Importer(815301076,1909f56bfc062723c751e8b465ee728b)
Start importing Assets/XR/Loaders/AR Kit Loader.asset using Guid(555ac42a648addf489158d35e5927cf2) Importer(815301076,1909f56bfc062723c751e8b465ee728b)  -> (artifact id: '8ce462f41d5aa33c4218c922af8574e3') in 0.006880 seconds
  Import took 0.011828 seconds .

========================================================================
Received Import Request.
  Time since last request: 0.452377 seconds.
  path: Assets/XR/Settings/AR Core Loader Settings.asset
  artifactKey: Guid(ee6b03bd5b712be418d3e3082526deaa) Importer(815301076,1909f56bfc062723c751e8b465ee728b)
Start importing Assets/XR/Settings/AR Core Loader Settings.asset using Guid(ee6b03bd5b712be418d3e3082526deaa) Importer(815301076,1909f56bfc062723c751e8b465ee728b)  -> (artifact id: 'e105dd84c825954680ca7f20224da861') in 0.007365 seconds
  Import took 0.012573 seconds .

========================================================================
Received Import Request.
  Time since last request: 0.000227 seconds.
  path: Assets/XR/Settings/AR Kit Settings.asset
  artifactKey: Guid(a689914e5c8c750449c9a96d887eda1a) Importer(815301076,1909f56bfc062723c751e8b465ee728b)
Start importing Assets/XR/Settings/AR Kit Settings.asset using Guid(a689914e5c8c750449c9a96d887eda1a) Importer(815301076,1909f56bfc062723c751e8b465ee728b)  -> (artifact id: 'a386b932f9e29ac1d53c682943cc46ec') in 0.007551 seconds
  Import took 0.012488 seconds .

========================================================================
Received Import Request.
  Time since last request: 0.000288 seconds.
  path: Assets/XR/Settings/OpenXR Editor Settings.asset
  artifactKey: Guid(e55b0765f8eda3549ba3695d4d355974) Importer(815301076,1909f56bfc062723c751e8b465ee728b)
Start importing Assets/XR/Settings/OpenXR Editor Settings.asset using Guid(e55b0765f8eda3549ba3695d4d355974) Importer(815301076,1909f56bfc062723c751e8b465ee728b)  -> (artifact id: '15f6609aeddf5dd65ef772edc6926446') in 0.007849 seconds
  Import took 0.013719 seconds .

========================================================================
Received Import Request.
  Time since last request: 0.000256 seconds.
  path: Assets/XR/Settings/OpenXR Package Settings.asset
  artifactKey: Guid(dffc2e0c6665d15439548f82b4d1fba5) Importer(815301076,1909f56bfc062723c751e8b465ee728b)
Start importing Assets/XR/Settings/OpenXR Package Settings.asset using Guid(dffc2e0c6665d15439548f82b4d1fba5) Importer(815301076,1909f56bfc062723c751e8b465ee728b)  -> (artifact id: 'cdf481fd68fef6ae8e6db941db9be354') in 0.023072 seconds
  Import took 0.028940 seconds .

========================================================================
Received Prepare
Registering precompiled user dll's ...
Registered in 0.006507 seconds.
Begin MonoManager ReloadAssembly
Native extension for WindowsStandalone target not found
Refreshing native plugins compatible for Editor in 1.28 ms, found 7 plugins.
Preloading 0 native plugins for Editor in 0.00 ms.
System.IO.DirectoryNotFoundException: Could not find a part of the path 'C:\Users\Admin\Documents\GitHub\MixedRealityLearning\ASA-OpenXR-IOS\ASA-OpenXR-IOS\Library\PackageCache\com.microsoft.mixedreality.toolkit.foundation@72f595076d31-1622177648071\SDK\Features\UX\Scripts\BoundsControl\Visuals\ProximityEffect'.
  at System.IO.__Error.WinIOError (System.Int32 errorCode, System.String maybeFullPath) [0x000f7] in <695d1cc93cca45069c528c15c9fdd749>:0 
  at System.IO.FileSystemEnumerableIterator`1[TSource].HandleError (System.Int32 hr, System.String path) [0x00006] in <695d1cc93cca45069c528c15c9fdd749>:0 
  at System.IO.FileSystemEnumerableIterator`1[TSource].CommonInit () [0x00054] in <695d1cc93cca45069c528c15c9fdd749>:0 
  at System.IO.FileSystemEnumerableIterator`1[TSource]..ctor (System.String path, System.String originalUserPath, System.String searchPattern, System.IO.SearchOption searchOption, System.IO.SearchResultHandler`1[TSource] resultHandler, System.Boolean checkHost) [0x000d6] in <695d1cc93cca45069c528c15c9fdd749>:0 
  at System.IO.FileSystemEnumerableFactory.CreateFileNameIterator (System.String path, System.String originalUserPath, System.String searchPattern, System.Boolean includeFiles, System.Boolean includeDirs, System.IO.SearchOption searchOption, System.Boolean checkHost) [0x00009] in <695d1cc93cca45069c528c15c9fdd749>:0 
  at System.IO.Directory.InternalGetFileDirectoryNames (System.String path, System.String userPathOriginal, System.String searchPattern, System.Boolean includeFiles, System.Boolean includeDirs, System.IO.SearchOption searchOption, System.Boolean checkHost) [0x00000] in <695d1cc93cca45069c528c15c9fdd749>:0 
  at System.IO.Directory.InternalGetFiles (System.String path, System.String searchPattern, System.IO.SearchOption searchOption) [0x00000] in <695d1cc93cca45069c528c15c9fdd749>:0 
  at System.IO.Directory.GetFiles (System.String path, System.String searchPattern) [0x0001c] in <695d1cc93cca45069c528c15c9fdd749>:0 
  at System.IO.DirectoryInfo.GetFiles (System.String searchPattern) [0x0000e] in <695d1cc93cca45069c528c15c9fdd749>:0 
  at System.IO.DirectoryInfo.GetFilesSubdirs (System.Collections.ArrayList l, System.String pattern) [0x00002] in <695d1cc93cca45069c528c15c9fdd749>:0 
  at (wrapper remoting-invoke-with-check) System.IO.DirectoryInfo.GetFilesSubdirs(System.Collections.ArrayList,string)
  at System.IO.DirectoryInfo.GetFilesSubdirs (System.Collections.ArrayList l, System.String pattern) [0x0002f] in <695d1cc93cca45069c528c15c9fdd749>:0 
  at (wrapper remoting-invoke-with-check) System.IO.DirectoryInfo.GetFilesSubdirs(System.Collections.ArrayList,string)
  at System.IO.DirectoryInfo.GetFilesSubdirs (System.Collections.ArrayList l, System.String pattern) [0x0002f] in <695d1cc93cca45069c528c15c9fdd749>:0 
  at (wrapper remoting-invoke-with-check) System.IO.DirectoryInfo.GetFilesSubdirs(System.Collections.ArrayList,string)
  at System.IO.DirectoryInfo.GetFilesSubdirs (System.Collections.ArrayList l, System.String pattern) [0x0002f] in <695d1cc93cca45069c528c15c9fdd749>:0 
  at (wrapper remoting-invoke-with-check) System.IO.DirectoryInfo.GetFilesSubdirs(System.Collections.ArrayList,string)
  at System.IO.DirectoryInfo.GetFilesSubdirs (System.Collections.ArrayList l, System.String pattern) [0x0002f] in <695d1cc93cca45069c528c15c9fdd749>:0 
  at (wrapper remoting-invoke-with-check) System.IO.DirectoryInfo.GetFilesSubdirs(System.Collections.ArrayList,string)
  at System.IO.DirectoryInfo.GetFilesSubdirs (System.Collections.ArrayList l, System.String pattern) [0x0002f] in <695d1cc93cca45069c528c15c9fdd749>:0 
  at (wrapper remoting-invoke-with-check) System.IO.DirectoryInfo.GetFilesSubdirs(System.Collections.ArrayList,string)
  at System.IO.DirectoryInfo.GetFilesSubdirs (System.Collections.ArrayList l, System.String pattern) [0x0002f] in <695d1cc93cca45069c528c15c9fdd749>:0 
  at (wrapper remoting-invoke-with-check) System.IO.DirectoryInfo.GetFilesSubdirs(System.Collections.ArrayList,string)
  at System.IO.DirectoryInfo.GetFilesSubdirs (System.Collections.ArrayList l, System.String pattern) [0x0002f] in <695d1cc93cca45069c528c15c9fdd749>:0 
  at (wrapper remoting-invoke-with-check) System.IO.DirectoryInfo.GetFilesSubdirs(System.Collections.ArrayList,string)
  at System.IO.DirectoryInfo.GetFilesSubdirs (System.Collections.ArrayList l, System.String pattern) [0x0002f] in <695d1cc93cca45069c528c15c9fdd749>:0 
  at System.IO.DirectoryInfo.GetFiles (System.String searchPattern, System.IO.SearchOption searchOption) [0x00017] in <695d1cc93cca45069c528c15c9fdd749>:0 
  at (wrapper remoting-invoke-with-check) System.IO.DirectoryInfo.GetFiles(string,System.IO.SearchOption)
  at Microsoft.MixedReality.Toolkit.Utilities.Editor.OnLoadUtilities.FindShaderFolderInPackage () [0x0004c] in C:\Users\Admin\Documents\GitHub\MixedRealityLearning\ASA-OpenXR-IOS\ASA-OpenXR-IOS\Library\PackageCache\com.microsoft.mixedreality.toolkit.standardassets@bf3e050f48d1-1622177637304\EditorUtilities\OnLoadUtilities.cs:152 
  at Microsoft.MixedReality.Toolkit.Utilities.Editor.OnLoadUtilities.EnsureShaders (System.Boolean bypassIgnore) [0x00000] in C:\Users\Admin\Documents\GitHub\MixedRealityLearning\ASA-OpenXR-IOS\ASA-OpenXR-IOS\Library\PackageCache\com.microsoft.mixedreality.toolkit.standardassets@bf3e050f48d1-1622177637304\EditorUtilities\OnLoadUtilities.cs:42 
  at Microsoft.MixedReality.Toolkit.Utilities.Editor.OnLoadUtilities..cctor () [0x00000] in C:\Users\Admin\Documents\GitHub\MixedRealityLearning\ASA-OpenXR-IOS\ASA-OpenXR-IOS\Library\PackageCache\com.microsoft.mixedreality.toolkit.standardassets@bf3e050f48d1-1622177637304\EditorUtilities\OnLoadUtilities.cs:23 
UnityEngine.StackTraceUtility:ExtractStackTrace ()
UnityEngine.DebugLogHandler:LogFormat (UnityEngine.LogType,UnityEngine.Object,string,object[])
UnityEngine.Logger:Log (UnityEngine.LogType,object)
UnityEngine.Debug:LogError (object)
UnityEditor.EditorAssemblies:ProcessInitializeOnLoadAttributes (System.Type[])

Error when attempting to update scene info fields. Scene info data may be stale.
UnityEngine.StackTraceUtility:ExtractStackTrace ()
UnityEngine.DebugLogHandler:LogFormat (UnityEngine.LogType,UnityEngine.Object,string,object[])
UnityEngine.Logger:Log (UnityEngine.LogType,object)
UnityEngine.Debug:LogWarning (object)
Microsoft.MixedReality.Toolkit.Editor.SceneInfoUtils:RefreshSceneInfoFieldsInScriptableObjects () (at Library/PackageCache/com.microsoft.mixedreality.toolkit.foundation@72f595076d31-1622177648071/Core/Inspectors/PropertyDrawers/SceneInfoUtils.cs:313)
Microsoft.MixedReality.Toolkit.Editor.SceneInfoUtils:InitializeOnLoad () (at Library/PackageCache/com.microsoft.mixedreality.toolkit.foundation@72f595076d31-1622177648071/Core/Inspectors/PropertyDrawers/SceneInfoUtils.cs:231)

(Filename: Library/PackageCache/com.microsoft.mixedreality.toolkit.foundation@72f595076d31-1622177648071/Core/Inspectors/PropertyDrawers/SceneInfoUtils.cs Line: 313)

Mono: successfully reloaded assembly
- Completed reload, in  1.284 seconds
Platform modules already initialized, skipping
Switching build target platform(5) subTarget(0) extendedPlatform(0) -> platform(21) subTarget(0) extendedPlatform(0)
Shader 'Mixed Reality Toolkit/HandTriangles': fallback shader 'Mixed Reality Toolkit/Standard' not found
Refreshing native plugins compatible for Editor in 1.00 ms, found 7 plugins.
Preloading 0 native plugins for Editor in 0.00 ms.
Unloading 3154 Unused Serialized files (Serialized files now loaded: 0)
System memory in use before: 131.0 MB.
System memory in use after: 130.9 MB.

Unloading 126 unused Assets to reduce memory usage. Loaded Objects now: 3671.
Total: 3.987500 ms (FindLiveObjects: 0.835900 ms CreateObjectMapping: 0.105900 ms MarkObjects: 2.514100 ms  DeleteObjects: 0.529800 ms)

